<?xml version="1.0" encoding="UTF-8"?>
<testng-results ignored="0" total="1" passed="1" failed="0" skipped="0">
  <reporter-output>
  </reporter-output>
  <suite started-at="2021-07-07T10:48:41 YEKT" name="Login Tests" finished-at="2021-07-07T10:48:56 YEKT" duration-ms="14925">
    <groups>
    </groups>
    <test started-at="2021-07-07T10:48:41 YEKT" name="LoginTests" finished-at="2021-07-07T10:48:56 YEKT" duration-ms="14925">
      <class name="tests.login.LoginTests">
        <test-method is-config="true" signature="setUp()[pri:0, instance:tests.login.LoginTests@971d0d8]" started-at="2021-07-07T10:48:41 YEKT" name="setUp" finished-at="2021-07-07T10:48:52 YEKT" duration-ms="10919" status="PASS">
          <reporter-output>
          </reporter-output>
        </test-method> <!-- setUp -->
        <test-method is-config="true" signature="goHome()[pri:0, instance:tests.login.LoginTests@971d0d8]" started-at="2021-07-07T10:48:52 YEKT" name="goHome" finished-at="2021-07-07T10:48:52 YEKT" duration-ms="340" status="PASS">
          <reporter-output>
          </reporter-output>
        </test-method> <!-- goHome -->
        <test-method signature="testSuccessfulLogin()[pri:0, instance:tests.login.LoginTests@971d0d8]" started-at="2021-07-07T10:48:52 YEKT" name="testSuccessfulLogin" description="Test if tests.login was successful" finished-at="2021-07-07T10:48:54 YEKT" duration-ms="1968" status="PASS">
          <reporter-output>
          </reporter-output>
        </test-method> <!-- testSuccessfulLogin -->
        <test-method is-config="true" signature="recordFailure(org.testng.ITestResult)[pri:0, instance:tests.login.LoginTests@971d0d8]" started-at="2021-07-07T10:48:54 YEKT" name="recordFailure" finished-at="2021-07-07T10:48:54 YEKT" duration-ms="6" status="PASS">
          <params>
            <param index="0">
              <value>
                  <![CDATA[[TestResult name=testSuccessfulLogin status=SUCCESS method=LoginTests.testSuccessfulLogin()[pri:0, instance:tests.login.LoginTests@971d0d8] output={null}]]]>
              </value>
            </param>
          </params>
          <reporter-output>
          </reporter-output>
        </test-method> <!-- recordFailure -->
        <test-method is-config="true" signature="tearDown()[pri:0, instance:tests.login.LoginTests@971d0d8]" started-at="2021-07-07T10:48:54 YEKT" name="tearDown" finished-at="2021-07-07T10:48:56 YEKT" duration-ms="1615" status="PASS">
          <reporter-output>
          </reporter-output>
        </test-method> <!-- tearDown -->
      </class> <!-- tests.login.LoginTests -->
    </test> <!-- LoginTests -->
  </suite> <!-- Login Tests -->
</testng-results>
